<?xml version="1.0" encoding="UTF-8"?>
<!-- Generated by org.testng.reporters.JUnitReportReporter -->
<testsuite hostname="priya-0711k" failures="0" tests="1" name="Testcases.SignUp$Signup" time="12.079" errors="0" timestamp="2023-02-14T15:27:02 IST" skipped="0">
  <testcase classname="Testcases.SignUp$Signup" name="signup" time="12.079"/>
  <system-out/>
</testsuite> <!-- Testcases.SignUp$Signup -->
